<?xml version="1.0" encoding="UTF-8"?>
<!-- Generated by org.testng.reporters.JUnitReportReporter -->
<testsuite skipped="0" hostname="SaurabhGupta" name="Listeners.ClientContactInfo" tests="1" failures="0" timestamp="2020-07-14T13:10:46 IST" time="35.191" errors="0">
  <testcase name="AddContact" time="35.191" classname="Listeners.ClientContactInfo"/>
  <system-out/>
</testsuite> <!-- Listeners.ClientContactInfo -->
