<?xml version="1.0" encoding="UTF-8"?>
<!-- Generated by org.testng.reporters.JUnitReportReporter -->
<testsuite skipped="0" hostname="SaurabhGupta" name="TestCases.LoginTest" tests="1" failures="0" timestamp="2020-04-30T12:27:46 IST" time="150.275" errors="0">
  <testcase name="loginToLockTon" time="150.275" classname="TestCases.LoginTest"/>
  <system-out/>
</testsuite> <!-- TestCases.LoginTest -->
